<?xml version="1.0" encoding="UTF-8"?>
<!-- Generated by org.testng.reporters.JUnitReportReporter -->
<testsuite skipped="0" hostname="LAPTOP-0RI6L2AL" name="AddCompany" tests="1" failures="0" timestamp="05 Apr 2021 06:54:12 GMT" time="99.924" errors="0">
  <testcase name="addcompany" time="99.924" classname="AddCompany"/>
</testsuite> <!-- AddCompany -->
