<?xml version="1.0" encoding="UTF-8"?>
<!-- Generated by org.testng.reporters.JUnitReportReporter -->
<testsuite skipped="0" hostname="LAPTOP-0RI6L2AL" name="test" tests="1" failures="0" timestamp="07 Apr 2021 09:04:01 GMT" time="32.711" errors="0">
  <testcase name="addcompany" time="32.711" classname="test"/>
</testsuite> <!-- test -->
