<?xml version="1.0" encoding="UTF-8"?>
<!-- Generated by org.testng.reporters.JUnitReportReporter -->
<testsuite skipped="0" hostname="LAPTOP-0RI6L2AL" name="AdminSearchCompanies" tests="1" failures="0" timestamp="07 Apr 2021 09:19:58 GMT" time="88.935" errors="0">
  <testcase name="addcompany" time="88.935" classname="AdminSearchCompanies"/>
</testsuite> <!-- AdminSearchCompanies -->
